The system is: Darwin - 15.0.0 - x86_64
Compiling the C compiler identification source file "CMakeCCompilerId.c" succeeded.
Compiler: /Applications/Xcode-beta.app/Contents/Developer/Toolchains/XcodeDefault.xctoolchain/usr/bin/cc 
Build flags: 
Id flags: 

The output was:
0


Compilation of the C compiler identification source "CMakeCCompilerId.c" produced "a.out"

The C compiler identification is AppleClang, found in "/Users/Mr.Pandya/My_Stuff/Active/llvm/experiments/ObfucatingZero/CMakeFiles/3.3.0/CompilerIdC/a.out"

Compiling the CXX compiler identification source file "CMakeCXXCompilerId.cpp" succeeded.
Compiler: /Applications/Xcode-beta.app/Contents/Developer/Toolchains/XcodeDefault.xctoolchain/usr/bin/c++ 
Build flags: 
Id flags: 

The output was:
0


Compilation of the CXX compiler identification source "CMakeCXXCompilerId.cpp" produced "a.out"

The CXX compiler identification is AppleClang, found in "/Users/Mr.Pandya/My_Stuff/Active/llvm/experiments/ObfucatingZero/CMakeFiles/3.3.0/CompilerIdCXX/a.out"

Determining if the C compiler works passed with the following output:
Change Dir: /Users/Mr.Pandya/My_Stuff/Active/llvm/experiments/ObfucatingZero/CMakeFiles/CMakeTmp

Run Build Command:"/usr/bin/make" "cmTC_a79cb/fast"
/Applications/Xcode-beta.app/Contents/Developer/usr/bin/make -f CMakeFiles/cmTC_a79cb.dir/build.make CMakeFiles/cmTC_a79cb.dir/build
Building C object CMakeFiles/cmTC_a79cb.dir/testCCompiler.c.o
/Applications/Xcode-beta.app/Contents/Developer/Toolchains/XcodeDefault.xctoolchain/usr/bin/cc    -o CMakeFiles/cmTC_a79cb.dir/testCCompiler.c.o   -c /Users/Mr.Pandya/My_Stuff/Active/llvm/experiments/ObfucatingZero/CMakeFiles/CMakeTmp/testCCompiler.c
Linking C executable cmTC_a79cb
/usr/local/Cellar/cmake/3.3.0/bin/cmake -E cmake_link_script CMakeFiles/cmTC_a79cb.dir/link.txt --verbose=1
/Applications/Xcode-beta.app/Contents/Developer/Toolchains/XcodeDefault.xctoolchain/usr/bin/cc    -Wl,-search_paths_first -Wl,-headerpad_max_install_names   CMakeFiles/cmTC_a79cb.dir/testCCompiler.c.o  -o cmTC_a79cb  


Detecting C compiler ABI info compiled with the following output:
Change Dir: /Users/Mr.Pandya/My_Stuff/Active/llvm/experiments/ObfucatingZero/CMakeFiles/CMakeTmp

Run Build Command:"/usr/bin/make" "cmTC_e46c6/fast"
/Applications/Xcode-beta.app/Contents/Developer/usr/bin/make -f CMakeFiles/cmTC_e46c6.dir/build.make CMakeFiles/cmTC_e46c6.dir/build
Building C object CMakeFiles/cmTC_e46c6.dir/CMakeCCompilerABI.c.o
/Applications/Xcode-beta.app/Contents/Developer/Toolchains/XcodeDefault.xctoolchain/usr/bin/cc    -o CMakeFiles/cmTC_e46c6.dir/CMakeCCompilerABI.c.o   -c /usr/local/Cellar/cmake/3.3.0/share/cmake/Modules/CMakeCCompilerABI.c
Linking C executable cmTC_e46c6
/usr/local/Cellar/cmake/3.3.0/bin/cmake -E cmake_link_script CMakeFiles/cmTC_e46c6.dir/link.txt --verbose=1
/Applications/Xcode-beta.app/Contents/Developer/Toolchains/XcodeDefault.xctoolchain/usr/bin/cc    -Wl,-search_paths_first -Wl,-headerpad_max_install_names  -v -Wl,-v CMakeFiles/cmTC_e46c6.dir/CMakeCCompilerABI.c.o  -o cmTC_e46c6   
Apple LLVM version 7.0.0 (clang-700.1.74)
Target: x86_64-apple-darwin15.0.0
Thread model: posix
 "/Applications/Xcode-beta.app/Contents/Developer/Toolchains/XcodeDefault.xctoolchain/usr/bin/ld" -demangle -dynamic -arch x86_64 -macosx_version_min 10.11.0 -o cmTC_e46c6 -search_paths_first -headerpad_max_install_names -v CMakeFiles/cmTC_e46c6.dir/CMakeCCompilerABI.c.o -lSystem /Applications/Xcode-beta.app/Contents/Developer/Toolchains/XcodeDefault.xctoolchain/usr/bin/../lib/clang/7.0.0/lib/darwin/libclang_rt.osx.a
@(#)PROGRAM:ld  PROJECT:ld64-253.3
configured to support archs: armv6 armv7 armv7s arm64 i386 x86_64 x86_64h armv6m armv7k armv7m armv7em (tvOS)
Library search paths:
	/usr/lib
	/usr/local/lib
Framework search paths:
	/Library/Frameworks/
	/System/Library/Frameworks/


Parsed C implicit link information from above output:
  link line regex: [^( *|.*[/\])(ld|([^/\]+-)?ld|collect2)[^/\]*( |$)]
  ignore line: [Change Dir: /Users/Mr.Pandya/My_Stuff/Active/llvm/experiments/ObfucatingZero/CMakeFiles/CMakeTmp]
  ignore line: []
  ignore line: [Run Build Command:"/usr/bin/make" "cmTC_e46c6/fast"]
  ignore line: [/Applications/Xcode-beta.app/Contents/Developer/usr/bin/make -f CMakeFiles/cmTC_e46c6.dir/build.make CMakeFiles/cmTC_e46c6.dir/build]
  ignore line: [Building C object CMakeFiles/cmTC_e46c6.dir/CMakeCCompilerABI.c.o]
  ignore line: [/Applications/Xcode-beta.app/Contents/Developer/Toolchains/XcodeDefault.xctoolchain/usr/bin/cc    -o CMakeFiles/cmTC_e46c6.dir/CMakeCCompilerABI.c.o   -c /usr/local/Cellar/cmake/3.3.0/share/cmake/Modules/CMakeCCompilerABI.c]
  ignore line: [Linking C executable cmTC_e46c6]
  ignore line: [/usr/local/Cellar/cmake/3.3.0/bin/cmake -E cmake_link_script CMakeFiles/cmTC_e46c6.dir/link.txt --verbose=1]
  ignore line: [/Applications/Xcode-beta.app/Contents/Developer/Toolchains/XcodeDefault.xctoolchain/usr/bin/cc    -Wl,-search_paths_first -Wl,-headerpad_max_install_names  -v -Wl,-v CMakeFiles/cmTC_e46c6.dir/CMakeCCompilerABI.c.o  -o cmTC_e46c6   ]
  ignore line: [Apple LLVM version 7.0.0 (clang-700.1.74)]
  ignore line: [Target: x86_64-apple-darwin15.0.0]
  ignore line: [Thread model: posix]
  link line: [ "/Applications/Xcode-beta.app/Contents/Developer/Toolchains/XcodeDefault.xctoolchain/usr/bin/ld" -demangle -dynamic -arch x86_64 -macosx_version_min 10.11.0 -o cmTC_e46c6 -search_paths_first -headerpad_max_install_names -v CMakeFiles/cmTC_e46c6.dir/CMakeCCompilerABI.c.o -lSystem /Applications/Xcode-beta.app/Contents/Developer/Toolchains/XcodeDefault.xctoolchain/usr/bin/../lib/clang/7.0.0/lib/darwin/libclang_rt.osx.a]
    arg [/Applications/Xcode-beta.app/Contents/Developer/Toolchains/XcodeDefault.xctoolchain/usr/bin/ld] ==> ignore
    arg [-demangle] ==> ignore
    arg [-dynamic] ==> ignore
    arg [-arch] ==> ignore
    arg [x86_64] ==> ignore
    arg [-macosx_version_min] ==> ignore
    arg [10.11.0] ==> ignore
    arg [-o] ==> ignore
    arg [cmTC_e46c6] ==> ignore
    arg [-search_paths_first] ==> ignore
    arg [-headerpad_max_install_names] ==> ignore
    arg [-v] ==> ignore
    arg [CMakeFiles/cmTC_e46c6.dir/CMakeCCompilerABI.c.o] ==> ignore
    arg [-lSystem] ==> lib [System]
    arg [/Applications/Xcode-beta.app/Contents/Developer/Toolchains/XcodeDefault.xctoolchain/usr/bin/../lib/clang/7.0.0/lib/darwin/libclang_rt.osx.a] ==> lib [/Applications/Xcode-beta.app/Contents/Developer/Toolchains/XcodeDefault.xctoolchain/usr/bin/../lib/clang/7.0.0/lib/darwin/libclang_rt.osx.a]
  Library search paths: [;/usr/lib;/usr/local/lib]
  Framework search paths: [;/Library/Frameworks/;/System/Library/Frameworks/]
  remove lib [System]
  collapse lib [/Applications/Xcode-beta.app/Contents/Developer/Toolchains/XcodeDefault.xctoolchain/usr/bin/../lib/clang/7.0.0/lib/darwin/libclang_rt.osx.a] ==> [/Applications/Xcode-beta.app/Contents/Developer/Toolchains/XcodeDefault.xctoolchain/usr/lib/clang/7.0.0/lib/darwin/libclang_rt.osx.a]
  collapse library dir [/usr/lib] ==> [/usr/lib]
  collapse library dir [/usr/local/lib] ==> [/usr/local/lib]
  collapse framework dir [/Library/Frameworks/] ==> [/Library/Frameworks]
  collapse framework dir [/System/Library/Frameworks/] ==> [/System/Library/Frameworks]
  implicit libs: [/Applications/Xcode-beta.app/Contents/Developer/Toolchains/XcodeDefault.xctoolchain/usr/lib/clang/7.0.0/lib/darwin/libclang_rt.osx.a]
  implicit dirs: [/usr/lib;/usr/local/lib]
  implicit fwks: [/Library/Frameworks;/System/Library/Frameworks]




Detecting C [-std=c11] compiler features compiled with the following output:
Change Dir: /Users/Mr.Pandya/My_Stuff/Active/llvm/experiments/ObfucatingZero/CMakeFiles/CMakeTmp

Run Build Command:"/usr/bin/make" "cmTC_348d9/fast"
/Applications/Xcode-beta.app/Contents/Developer/usr/bin/make -f CMakeFiles/cmTC_348d9.dir/build.make CMakeFiles/cmTC_348d9.dir/build
Building C object CMakeFiles/cmTC_348d9.dir/feature_tests.c.o
/Applications/Xcode-beta.app/Contents/Developer/Toolchains/XcodeDefault.xctoolchain/usr/bin/cc   -std=c11 -o CMakeFiles/cmTC_348d9.dir/feature_tests.c.o   -c /Users/Mr.Pandya/My_Stuff/Active/llvm/experiments/ObfucatingZero/CMakeFiles/feature_tests.c
Linking C executable cmTC_348d9
/usr/local/Cellar/cmake/3.3.0/bin/cmake -E cmake_link_script CMakeFiles/cmTC_348d9.dir/link.txt --verbose=1
/Applications/Xcode-beta.app/Contents/Developer/Toolchains/XcodeDefault.xctoolchain/usr/bin/cc    -Wl,-search_paths_first -Wl,-headerpad_max_install_names   CMakeFiles/cmTC_348d9.dir/feature_tests.c.o  -o cmTC_348d9  


    Feature record: C_FEATURE:1c_function_prototypes
    Feature record: C_FEATURE:1c_restrict
    Feature record: C_FEATURE:1c_static_assert
    Feature record: C_FEATURE:1c_variadic_macros


Detecting C [-std=c99] compiler features compiled with the following output:
Change Dir: /Users/Mr.Pandya/My_Stuff/Active/llvm/experiments/ObfucatingZero/CMakeFiles/CMakeTmp

Run Build Command:"/usr/bin/make" "cmTC_f071a/fast"
/Applications/Xcode-beta.app/Contents/Developer/usr/bin/make -f CMakeFiles/cmTC_f071a.dir/build.make CMakeFiles/cmTC_f071a.dir/build
Building C object CMakeFiles/cmTC_f071a.dir/feature_tests.c.o
/Applications/Xcode-beta.app/Contents/Developer/Toolchains/XcodeDefault.xctoolchain/usr/bin/cc   -std=c99 -o CMakeFiles/cmTC_f071a.dir/feature_tests.c.o   -c /Users/Mr.Pandya/My_Stuff/Active/llvm/experiments/ObfucatingZero/CMakeFiles/feature_tests.c
Linking C executable cmTC_f071a
/usr/local/Cellar/cmake/3.3.0/bin/cmake -E cmake_link_script CMakeFiles/cmTC_f071a.dir/link.txt --verbose=1
/Applications/Xcode-beta.app/Contents/Developer/Toolchains/XcodeDefault.xctoolchain/usr/bin/cc    -Wl,-search_paths_first -Wl,-headerpad_max_install_names   CMakeFiles/cmTC_f071a.dir/feature_tests.c.o  -o cmTC_f071a  


    Feature record: C_FEATURE:1c_function_prototypes
    Feature record: C_FEATURE:1c_restrict
    Feature record: C_FEATURE:0c_static_assert
    Feature record: C_FEATURE:1c_variadic_macros


Detecting C [-std=c90] compiler features compiled with the following output:
Change Dir: /Users/Mr.Pandya/My_Stuff/Active/llvm/experiments/ObfucatingZero/CMakeFiles/CMakeTmp

Run Build Command:"/usr/bin/make" "cmTC_2f9e0/fast"
/Applications/Xcode-beta.app/Contents/Developer/usr/bin/make -f CMakeFiles/cmTC_2f9e0.dir/build.make CMakeFiles/cmTC_2f9e0.dir/build
Building C object CMakeFiles/cmTC_2f9e0.dir/feature_tests.c.o
/Applications/Xcode-beta.app/Contents/Developer/Toolchains/XcodeDefault.xctoolchain/usr/bin/cc   -std=c90 -o CMakeFiles/cmTC_2f9e0.dir/feature_tests.c.o   -c /Users/Mr.Pandya/My_Stuff/Active/llvm/experiments/ObfucatingZero/CMakeFiles/feature_tests.c
Linking C executable cmTC_2f9e0
/usr/local/Cellar/cmake/3.3.0/bin/cmake -E cmake_link_script CMakeFiles/cmTC_2f9e0.dir/link.txt --verbose=1
/Applications/Xcode-beta.app/Contents/Developer/Toolchains/XcodeDefault.xctoolchain/usr/bin/cc    -Wl,-search_paths_first -Wl,-headerpad_max_install_names   CMakeFiles/cmTC_2f9e0.dir/feature_tests.c.o  -o cmTC_2f9e0  


    Feature record: C_FEATURE:1c_function_prototypes
    Feature record: C_FEATURE:0c_restrict
    Feature record: C_FEATURE:0c_static_assert
    Feature record: C_FEATURE:0c_variadic_macros
Determining if the CXX compiler works passed with the following output:
Change Dir: /Users/Mr.Pandya/My_Stuff/Active/llvm/experiments/ObfucatingZero/CMakeFiles/CMakeTmp

Run Build Command:"/usr/bin/make" "cmTC_e8081/fast"
/Applications/Xcode-beta.app/Contents/Developer/usr/bin/make -f CMakeFiles/cmTC_e8081.dir/build.make CMakeFiles/cmTC_e8081.dir/build
Building CXX object CMakeFiles/cmTC_e8081.dir/testCXXCompiler.cxx.o
/Applications/Xcode-beta.app/Contents/Developer/Toolchains/XcodeDefault.xctoolchain/usr/bin/c++     -o CMakeFiles/cmTC_e8081.dir/testCXXCompiler.cxx.o -c /Users/Mr.Pandya/My_Stuff/Active/llvm/experiments/ObfucatingZero/CMakeFiles/CMakeTmp/testCXXCompiler.cxx
Linking CXX executable cmTC_e8081
/usr/local/Cellar/cmake/3.3.0/bin/cmake -E cmake_link_script CMakeFiles/cmTC_e8081.dir/link.txt --verbose=1
/Applications/Xcode-beta.app/Contents/Developer/Toolchains/XcodeDefault.xctoolchain/usr/bin/c++     -Wl,-search_paths_first -Wl,-headerpad_max_install_names   CMakeFiles/cmTC_e8081.dir/testCXXCompiler.cxx.o  -o cmTC_e8081  


Detecting CXX compiler ABI info compiled with the following output:
Change Dir: /Users/Mr.Pandya/My_Stuff/Active/llvm/experiments/ObfucatingZero/CMakeFiles/CMakeTmp

Run Build Command:"/usr/bin/make" "cmTC_65921/fast"
/Applications/Xcode-beta.app/Contents/Developer/usr/bin/make -f CMakeFiles/cmTC_65921.dir/build.make CMakeFiles/cmTC_65921.dir/build
Building CXX object CMakeFiles/cmTC_65921.dir/CMakeCXXCompilerABI.cpp.o
/Applications/Xcode-beta.app/Contents/Developer/Toolchains/XcodeDefault.xctoolchain/usr/bin/c++     -o CMakeFiles/cmTC_65921.dir/CMakeCXXCompilerABI.cpp.o -c /usr/local/Cellar/cmake/3.3.0/share/cmake/Modules/CMakeCXXCompilerABI.cpp
Linking CXX executable cmTC_65921
/usr/local/Cellar/cmake/3.3.0/bin/cmake -E cmake_link_script CMakeFiles/cmTC_65921.dir/link.txt --verbose=1
/Applications/Xcode-beta.app/Contents/Developer/Toolchains/XcodeDefault.xctoolchain/usr/bin/c++     -Wl,-search_paths_first -Wl,-headerpad_max_install_names  -v -Wl,-v CMakeFiles/cmTC_65921.dir/CMakeCXXCompilerABI.cpp.o  -o cmTC_65921   
Apple LLVM version 7.0.0 (clang-700.1.74)
Target: x86_64-apple-darwin15.0.0
Thread model: posix
 "/Applications/Xcode-beta.app/Contents/Developer/Toolchains/XcodeDefault.xctoolchain/usr/bin/ld" -demangle -dynamic -arch x86_64 -macosx_version_min 10.11.0 -o cmTC_65921 -search_paths_first -headerpad_max_install_names -v CMakeFiles/cmTC_65921.dir/CMakeCXXCompilerABI.cpp.o -lc++ -lSystem /Applications/Xcode-beta.app/Contents/Developer/Toolchains/XcodeDefault.xctoolchain/usr/bin/../lib/clang/7.0.0/lib/darwin/libclang_rt.osx.a
@(#)PROGRAM:ld  PROJECT:ld64-253.3
configured to support archs: armv6 armv7 armv7s arm64 i386 x86_64 x86_64h armv6m armv7k armv7m armv7em (tvOS)
Library search paths:
	/usr/lib
	/usr/local/lib
Framework search paths:
	/Library/Frameworks/
	/System/Library/Frameworks/


Parsed CXX implicit link information from above output:
  link line regex: [^( *|.*[/\])(ld|([^/\]+-)?ld|collect2)[^/\]*( |$)]
  ignore line: [Change Dir: /Users/Mr.Pandya/My_Stuff/Active/llvm/experiments/ObfucatingZero/CMakeFiles/CMakeTmp]
  ignore line: []
  ignore line: [Run Build Command:"/usr/bin/make" "cmTC_65921/fast"]
  ignore line: [/Applications/Xcode-beta.app/Contents/Developer/usr/bin/make -f CMakeFiles/cmTC_65921.dir/build.make CMakeFiles/cmTC_65921.dir/build]
  ignore line: [Building CXX object CMakeFiles/cmTC_65921.dir/CMakeCXXCompilerABI.cpp.o]
  ignore line: [/Applications/Xcode-beta.app/Contents/Developer/Toolchains/XcodeDefault.xctoolchain/usr/bin/c++     -o CMakeFiles/cmTC_65921.dir/CMakeCXXCompilerABI.cpp.o -c /usr/local/Cellar/cmake/3.3.0/share/cmake/Modules/CMakeCXXCompilerABI.cpp]
  ignore line: [Linking CXX executable cmTC_65921]
  ignore line: [/usr/local/Cellar/cmake/3.3.0/bin/cmake -E cmake_link_script CMakeFiles/cmTC_65921.dir/link.txt --verbose=1]
  ignore line: [/Applications/Xcode-beta.app/Contents/Developer/Toolchains/XcodeDefault.xctoolchain/usr/bin/c++     -Wl,-search_paths_first -Wl,-headerpad_max_install_names  -v -Wl,-v CMakeFiles/cmTC_65921.dir/CMakeCXXCompilerABI.cpp.o  -o cmTC_65921   ]
  ignore line: [Apple LLVM version 7.0.0 (clang-700.1.74)]
  ignore line: [Target: x86_64-apple-darwin15.0.0]
  ignore line: [Thread model: posix]
  link line: [ "/Applications/Xcode-beta.app/Contents/Developer/Toolchains/XcodeDefault.xctoolchain/usr/bin/ld" -demangle -dynamic -arch x86_64 -macosx_version_min 10.11.0 -o cmTC_65921 -search_paths_first -headerpad_max_install_names -v CMakeFiles/cmTC_65921.dir/CMakeCXXCompilerABI.cpp.o -lc++ -lSystem /Applications/Xcode-beta.app/Contents/Developer/Toolchains/XcodeDefault.xctoolchain/usr/bin/../lib/clang/7.0.0/lib/darwin/libclang_rt.osx.a]
    arg [/Applications/Xcode-beta.app/Contents/Developer/Toolchains/XcodeDefault.xctoolchain/usr/bin/ld] ==> ignore
    arg [-demangle] ==> ignore
    arg [-dynamic] ==> ignore
    arg [-arch] ==> ignore
    arg [x86_64] ==> ignore
    arg [-macosx_version_min] ==> ignore
    arg [10.11.0] ==> ignore
    arg [-o] ==> ignore
    arg [cmTC_65921] ==> ignore
    arg [-search_paths_first] ==> ignore
    arg [-headerpad_max_install_names] ==> ignore
    arg [-v] ==> ignore
    arg [CMakeFiles/cmTC_65921.dir/CMakeCXXCompilerABI.cpp.o] ==> ignore
    arg [-lc++] ==> lib [c++]
    arg [-lSystem] ==> lib [System]
    arg [/Applications/Xcode-beta.app/Contents/Developer/Toolchains/XcodeDefault.xctoolchain/usr/bin/../lib/clang/7.0.0/lib/darwin/libclang_rt.osx.a] ==> lib [/Applications/Xcode-beta.app/Contents/Developer/Toolchains/XcodeDefault.xctoolchain/usr/bin/../lib/clang/7.0.0/lib/darwin/libclang_rt.osx.a]
  Library search paths: [;/usr/lib;/usr/local/lib]
  Framework search paths: [;/Library/Frameworks/;/System/Library/Frameworks/]
  remove lib [System]
  collapse lib [/Applications/Xcode-beta.app/Contents/Developer/Toolchains/XcodeDefault.xctoolchain/usr/bin/../lib/clang/7.0.0/lib/darwin/libclang_rt.osx.a] ==> [/Applications/Xcode-beta.app/Contents/Developer/Toolchains/XcodeDefault.xctoolchain/usr/lib/clang/7.0.0/lib/darwin/libclang_rt.osx.a]
  collapse library dir [/usr/lib] ==> [/usr/lib]
  collapse library dir [/usr/local/lib] ==> [/usr/local/lib]
  collapse framework dir [/Library/Frameworks/] ==> [/Library/Frameworks]
  collapse framework dir [/System/Library/Frameworks/] ==> [/System/Library/Frameworks]
  implicit libs: [c++;/Applications/Xcode-beta.app/Contents/Developer/Toolchains/XcodeDefault.xctoolchain/usr/lib/clang/7.0.0/lib/darwin/libclang_rt.osx.a]
  implicit dirs: [/usr/lib;/usr/local/lib]
  implicit fwks: [/Library/Frameworks;/System/Library/Frameworks]




Detecting CXX [-std=c++1y] compiler features compiled with the following output:
Change Dir: /Users/Mr.Pandya/My_Stuff/Active/llvm/experiments/ObfucatingZero/CMakeFiles/CMakeTmp

Run Build Command:"/usr/bin/make" "cmTC_e1cd2/fast"
/Applications/Xcode-beta.app/Contents/Developer/usr/bin/make -f CMakeFiles/cmTC_e1cd2.dir/build.make CMakeFiles/cmTC_e1cd2.dir/build
Building CXX object CMakeFiles/cmTC_e1cd2.dir/feature_tests.cxx.o
/Applications/Xcode-beta.app/Contents/Developer/Toolchains/XcodeDefault.xctoolchain/usr/bin/c++    -std=c++1y -o CMakeFiles/cmTC_e1cd2.dir/feature_tests.cxx.o -c /Users/Mr.Pandya/My_Stuff/Active/llvm/experiments/ObfucatingZero/CMakeFiles/feature_tests.cxx
Linking CXX executable cmTC_e1cd2
/usr/local/Cellar/cmake/3.3.0/bin/cmake -E cmake_link_script CMakeFiles/cmTC_e1cd2.dir/link.txt --verbose=1
/Applications/Xcode-beta.app/Contents/Developer/Toolchains/XcodeDefault.xctoolchain/usr/bin/c++     -Wl,-search_paths_first -Wl,-headerpad_max_install_names   CMakeFiles/cmTC_e1cd2.dir/feature_tests.cxx.o  -o cmTC_e1cd2  


    Feature record: CXX_FEATURE:1cxx_aggregate_default_initializers
    Feature record: CXX_FEATURE:1cxx_alias_templates
    Feature record: CXX_FEATURE:1cxx_alignas
    Feature record: CXX_FEATURE:1cxx_alignof
    Feature record: CXX_FEATURE:1cxx_attributes
    Feature record: CXX_FEATURE:1cxx_attribute_deprecated
    Feature record: CXX_FEATURE:1cxx_auto_type
    Feature record: CXX_FEATURE:1cxx_binary_literals
    Feature record: CXX_FEATURE:1cxx_constexpr
    Feature record: CXX_FEATURE:1cxx_contextual_conversions
    Feature record: CXX_FEATURE:1cxx_decltype
    Feature record: CXX_FEATURE:1cxx_decltype_auto
    Feature record: CXX_FEATURE:1cxx_decltype_incomplete_return_types
    Feature record: CXX_FEATURE:1cxx_default_function_template_args
    Feature record: CXX_FEATURE:1cxx_defaulted_functions
    Feature record: CXX_FEATURE:1cxx_defaulted_move_initializers
    Feature record: CXX_FEATURE:1cxx_delegating_constructors
    Feature record: CXX_FEATURE:1cxx_deleted_functions
    Feature record: CXX_FEATURE:1cxx_digit_separators
    Feature record: CXX_FEATURE:1cxx_enum_forward_declarations
    Feature record: CXX_FEATURE:1cxx_explicit_conversions
    Feature record: CXX_FEATURE:1cxx_extended_friend_declarations
    Feature record: CXX_FEATURE:1cxx_extern_templates
    Feature record: CXX_FEATURE:1cxx_final
    Feature record: CXX_FEATURE:1cxx_func_identifier
    Feature record: CXX_FEATURE:1cxx_generalized_initializers
    Feature record: CXX_FEATURE:1cxx_generic_lambdas
    Feature record: CXX_FEATURE:1cxx_inheriting_constructors
    Feature record: CXX_FEATURE:1cxx_inline_namespaces
    Feature record: CXX_FEATURE:1cxx_lambdas
    Feature record: CXX_FEATURE:1cxx_lambda_init_captures
    Feature record: CXX_FEATURE:1cxx_local_type_template_args
    Feature record: CXX_FEATURE:1cxx_long_long_type
    Feature record: CXX_FEATURE:1cxx_noexcept
    Feature record: CXX_FEATURE:1cxx_nonstatic_member_init
    Feature record: CXX_FEATURE:1cxx_nullptr
    Feature record: CXX_FEATURE:1cxx_override
    Feature record: CXX_FEATURE:1cxx_range_for
    Feature record: CXX_FEATURE:1cxx_raw_string_literals
    Feature record: CXX_FEATURE:1cxx_reference_qualified_functions
    Feature record: CXX_FEATURE:1cxx_relaxed_constexpr
    Feature record: CXX_FEATURE:1cxx_return_type_deduction
    Feature record: CXX_FEATURE:1cxx_right_angle_brackets
    Feature record: CXX_FEATURE:1cxx_rvalue_references
    Feature record: CXX_FEATURE:1cxx_sizeof_member
    Feature record: CXX_FEATURE:1cxx_static_assert
    Feature record: CXX_FEATURE:1cxx_strong_enums
    Feature record: CXX_FEATURE:1cxx_template_template_parameters
    Feature record: CXX_FEATURE:0cxx_thread_local
    Feature record: CXX_FEATURE:1cxx_trailing_return_types
    Feature record: CXX_FEATURE:1cxx_unicode_literals
    Feature record: CXX_FEATURE:1cxx_uniform_initialization
    Feature record: CXX_FEATURE:1cxx_unrestricted_unions
    Feature record: CXX_FEATURE:1cxx_user_literals
    Feature record: CXX_FEATURE:1cxx_variable_templates
    Feature record: CXX_FEATURE:1cxx_variadic_macros
    Feature record: CXX_FEATURE:1cxx_variadic_templates


Detecting CXX [-std=c++11] compiler features compiled with the following output:
Change Dir: /Users/Mr.Pandya/My_Stuff/Active/llvm/experiments/ObfucatingZero/CMakeFiles/CMakeTmp

Run Build Command:"/usr/bin/make" "cmTC_052f6/fast"
/Applications/Xcode-beta.app/Contents/Developer/usr/bin/make -f CMakeFiles/cmTC_052f6.dir/build.make CMakeFiles/cmTC_052f6.dir/build
Building CXX object CMakeFiles/cmTC_052f6.dir/feature_tests.cxx.o
/Applications/Xcode-beta.app/Contents/Developer/Toolchains/XcodeDefault.xctoolchain/usr/bin/c++    -std=c++11 -o CMakeFiles/cmTC_052f6.dir/feature_tests.cxx.o -c /Users/Mr.Pandya/My_Stuff/Active/llvm/experiments/ObfucatingZero/CMakeFiles/feature_tests.cxx
Linking CXX executable cmTC_052f6
/usr/local/Cellar/cmake/3.3.0/bin/cmake -E cmake_link_script CMakeFiles/cmTC_052f6.dir/link.txt --verbose=1
/Applications/Xcode-beta.app/Contents/Developer/Toolchains/XcodeDefault.xctoolchain/usr/bin/c++     -Wl,-search_paths_first -Wl,-headerpad_max_install_names   CMakeFiles/cmTC_052f6.dir/feature_tests.cxx.o  -o cmTC_052f6  


    Feature record: CXX_FEATURE:0cxx_aggregate_default_initializers
    Feature record: CXX_FEATURE:1cxx_alias_templates
    Feature record: CXX_FEATURE:1cxx_alignas
    Feature record: CXX_FEATURE:1cxx_alignof
    Feature record: CXX_FEATURE:1cxx_attributes
    Feature record: CXX_FEATURE:0cxx_attribute_deprecated
    Feature record: CXX_FEATURE:1cxx_auto_type
    Feature record: CXX_FEATURE:0cxx_binary_literals
    Feature record: CXX_FEATURE:1cxx_constexpr
    Feature record: CXX_FEATURE:0cxx_contextual_conversions
    Feature record: CXX_FEATURE:1cxx_decltype
    Feature record: CXX_FEATURE:0cxx_decltype_auto
    Feature record: CXX_FEATURE:1cxx_decltype_incomplete_return_types
    Feature record: CXX_FEATURE:1cxx_default_function_template_args
    Feature record: CXX_FEATURE:1cxx_defaulted_functions
    Feature record: CXX_FEATURE:1cxx_defaulted_move_initializers
    Feature record: CXX_FEATURE:1cxx_delegating_constructors
    Feature record: CXX_FEATURE:1cxx_deleted_functions
    Feature record: CXX_FEATURE:0cxx_digit_separators
    Feature record: CXX_FEATURE:1cxx_enum_forward_declarations
    Feature record: CXX_FEATURE:1cxx_explicit_conversions
    Feature record: CXX_FEATURE:1cxx_extended_friend_declarations
    Feature record: CXX_FEATURE:1cxx_extern_templates
    Feature record: CXX_FEATURE:1cxx_final
    Feature record: CXX_FEATURE:1cxx_func_identifier
    Feature record: CXX_FEATURE:1cxx_generalized_initializers
    Feature record: CXX_FEATURE:0cxx_generic_lambdas
    Feature record: CXX_FEATURE:1cxx_inheriting_constructors
    Feature record: CXX_FEATURE:1cxx_inline_namespaces
    Feature record: CXX_FEATURE:1cxx_lambdas
    Feature record: CXX_FEATURE:0cxx_lambda_init_captures
    Feature record: CXX_FEATURE:1cxx_local_type_template_args
    Feature record: CXX_FEATURE:1cxx_long_long_type
    Feature record: CXX_FEATURE:1cxx_noexcept
    Feature record: CXX_FEATURE:1cxx_nonstatic_member_init
    Feature record: CXX_FEATURE:1cxx_nullptr
    Feature record: CXX_FEATURE:1cxx_override
    Feature record: CXX_FEATURE:1cxx_range_for
    Feature record: CXX_FEATURE:1cxx_raw_string_literals
    Feature record: CXX_FEATURE:1cxx_reference_qualified_functions
    Feature record: CXX_FEATURE:0cxx_relaxed_constexpr
    Feature record: CXX_FEATURE:0cxx_return_type_deduction
    Feature record: CXX_FEATURE:1cxx_right_angle_brackets
    Feature record: CXX_FEATURE:1cxx_rvalue_references
    Feature record: CXX_FEATURE:1cxx_sizeof_member
    Feature record: CXX_FEATURE:1cxx_static_assert
    Feature record: CXX_FEATURE:1cxx_strong_enums
    Feature record: CXX_FEATURE:1cxx_template_template_parameters
    Feature record: CXX_FEATURE:0cxx_thread_local
    Feature record: CXX_FEATURE:1cxx_trailing_return_types
    Feature record: CXX_FEATURE:1cxx_unicode_literals
    Feature record: CXX_FEATURE:1cxx_uniform_initialization
    Feature record: CXX_FEATURE:1cxx_unrestricted_unions
    Feature record: CXX_FEATURE:1cxx_user_literals
    Feature record: CXX_FEATURE:0cxx_variable_templates
    Feature record: CXX_FEATURE:1cxx_variadic_macros
    Feature record: CXX_FEATURE:1cxx_variadic_templates


Detecting CXX [-std=c++98] compiler features compiled with the following output:
Change Dir: /Users/Mr.Pandya/My_Stuff/Active/llvm/experiments/ObfucatingZero/CMakeFiles/CMakeTmp

Run Build Command:"/usr/bin/make" "cmTC_1c806/fast"
/Applications/Xcode-beta.app/Contents/Developer/usr/bin/make -f CMakeFiles/cmTC_1c806.dir/build.make CMakeFiles/cmTC_1c806.dir/build
Building CXX object CMakeFiles/cmTC_1c806.dir/feature_tests.cxx.o
/Applications/Xcode-beta.app/Contents/Developer/Toolchains/XcodeDefault.xctoolchain/usr/bin/c++    -std=c++98 -o CMakeFiles/cmTC_1c806.dir/feature_tests.cxx.o -c /Users/Mr.Pandya/My_Stuff/Active/llvm/experiments/ObfucatingZero/CMakeFiles/feature_tests.cxx
Linking CXX executable cmTC_1c806
/usr/local/Cellar/cmake/3.3.0/bin/cmake -E cmake_link_script CMakeFiles/cmTC_1c806.dir/link.txt --verbose=1
/Applications/Xcode-beta.app/Contents/Developer/Toolchains/XcodeDefault.xctoolchain/usr/bin/c++     -Wl,-search_paths_first -Wl,-headerpad_max_install_names   CMakeFiles/cmTC_1c806.dir/feature_tests.cxx.o  -o cmTC_1c806  


    Feature record: CXX_FEATURE:0cxx_aggregate_default_initializers
    Feature record: CXX_FEATURE:0cxx_alias_templates
    Feature record: CXX_FEATURE:0cxx_alignas
    Feature record: CXX_FEATURE:0cxx_alignof
    Feature record: CXX_FEATURE:0cxx_attributes
    Feature record: CXX_FEATURE:0cxx_attribute_deprecated
    Feature record: CXX_FEATURE:0cxx_auto_type
    Feature record: CXX_FEATURE:0cxx_binary_literals
    Feature record: CXX_FEATURE:0cxx_constexpr
    Feature record: CXX_FEATURE:0cxx_contextual_conversions
    Feature record: CXX_FEATURE:0cxx_decltype
    Feature record: CXX_FEATURE:0cxx_decltype_auto
    Feature record: CXX_FEATURE:0cxx_decltype_incomplete_return_types
    Feature record: CXX_FEATURE:0cxx_default_function_template_args
    Feature record: CXX_FEATURE:0cxx_defaulted_functions
    Feature record: CXX_FEATURE:0cxx_defaulted_move_initializers
    Feature record: CXX_FEATURE:0cxx_delegating_constructors
    Feature record: CXX_FEATURE:0cxx_deleted_functions
    Feature record: CXX_FEATURE:0cxx_digit_separators
    Feature record: CXX_FEATURE:0cxx_enum_forward_declarations
    Feature record: CXX_FEATURE:0cxx_explicit_conversions
    Feature record: CXX_FEATURE:0cxx_extended_friend_declarations
    Feature record: CXX_FEATURE:0cxx_extern_templates
    Feature record: CXX_FEATURE:0cxx_final
    Feature record: CXX_FEATURE:0cxx_func_identifier
    Feature record: CXX_FEATURE:0cxx_generalized_initializers
    Feature record: CXX_FEATURE:0cxx_generic_lambdas
    Feature record: CXX_FEATURE:0cxx_inheriting_constructors
    Feature record: CXX_FEATURE:0cxx_inline_namespaces
    Feature record: CXX_FEATURE:0cxx_lambdas
    Feature record: CXX_FEATURE:0cxx_lambda_init_captures
    Feature record: CXX_FEATURE:0cxx_local_type_template_args
    Feature record: CXX_FEATURE:0cxx_long_long_type
    Feature record: CXX_FEATURE:0cxx_noexcept
    Feature record: CXX_FEATURE:0cxx_nonstatic_member_init
    Feature record: CXX_FEATURE:0cxx_nullptr
    Feature record: CXX_FEATURE:0cxx_override
    Feature record: CXX_FEATURE:0cxx_range_for
    Feature record: CXX_FEATURE:0cxx_raw_string_literals
    Feature record: CXX_FEATURE:0cxx_reference_qualified_functions
    Feature record: CXX_FEATURE:0cxx_relaxed_constexpr
    Feature record: CXX_FEATURE:0cxx_return_type_deduction
    Feature record: CXX_FEATURE:0cxx_right_angle_brackets
    Feature record: CXX_FEATURE:0cxx_rvalue_references
    Feature record: CXX_FEATURE:0cxx_sizeof_member
    Feature record: CXX_FEATURE:0cxx_static_assert
    Feature record: CXX_FEATURE:0cxx_strong_enums
    Feature record: CXX_FEATURE:1cxx_template_template_parameters
    Feature record: CXX_FEATURE:0cxx_thread_local
    Feature record: CXX_FEATURE:0cxx_trailing_return_types
    Feature record: CXX_FEATURE:0cxx_unicode_literals
    Feature record: CXX_FEATURE:0cxx_uniform_initialization
    Feature record: CXX_FEATURE:0cxx_unrestricted_unions
    Feature record: CXX_FEATURE:0cxx_user_literals
    Feature record: CXX_FEATURE:0cxx_variable_templates
    Feature record: CXX_FEATURE:0cxx_variadic_macros
    Feature record: CXX_FEATURE:0cxx_variadic_templates
Performing C++ SOURCE FILE Test LLVM_NO_OLD_LIBSTDCXX succeded with the following output:
Change Dir: /Users/Mr.Pandya/My_Stuff/Active/llvm/experiments/ObfucatingZero/CMakeFiles/CMakeTmp

Run Build Command:"/usr/bin/make" "cmTC_63c27/fast"
/Applications/Xcode-beta.app/Contents/Developer/usr/bin/make -f CMakeFiles/cmTC_63c27.dir/build.make CMakeFiles/cmTC_63c27.dir/build
Building CXX object CMakeFiles/cmTC_63c27.dir/src.cxx.o
/Applications/Xcode-beta.app/Contents/Developer/Toolchains/XcodeDefault.xctoolchain/usr/bin/c++    -DLLVM_NO_OLD_LIBSTDCXX -std=c++0x   -o CMakeFiles/cmTC_63c27.dir/src.cxx.o -c /Users/Mr.Pandya/My_Stuff/Active/llvm/experiments/ObfucatingZero/CMakeFiles/CMakeTmp/src.cxx
Linking CXX executable cmTC_63c27
/usr/local/Cellar/cmake/3.3.0/bin/cmake -E cmake_link_script CMakeFiles/cmTC_63c27.dir/link.txt --verbose=1
/Applications/Xcode-beta.app/Contents/Developer/Toolchains/XcodeDefault.xctoolchain/usr/bin/c++    -DLLVM_NO_OLD_LIBSTDCXX -std=c++0x -Wl,-search_paths_first -Wl,-headerpad_max_install_names   CMakeFiles/cmTC_63c27.dir/src.cxx.o  -o cmTC_63c27  

Source file was:

#include <atomic>
std::atomic<float> x(0.0f);
int main() { return (float)x; }
Performing C SOURCE FILE Test C_SUPPORTS_FPIC succeded with the following output:
Change Dir: /Users/Mr.Pandya/My_Stuff/Active/llvm/experiments/ObfucatingZero/CMakeFiles/CMakeTmp

Run Build Command:"/usr/bin/make" "cmTC_0353a/fast"
/Applications/Xcode-beta.app/Contents/Developer/usr/bin/make -f CMakeFiles/cmTC_0353a.dir/build.make CMakeFiles/cmTC_0353a.dir/build
Building C object CMakeFiles/cmTC_0353a.dir/src.c.o
/Applications/Xcode-beta.app/Contents/Developer/Toolchains/XcodeDefault.xctoolchain/usr/bin/cc   -DC_SUPPORTS_FPIC   -Werror -fPIC -o CMakeFiles/cmTC_0353a.dir/src.c.o   -c /Users/Mr.Pandya/My_Stuff/Active/llvm/experiments/ObfucatingZero/CMakeFiles/CMakeTmp/src.c
Linking C executable cmTC_0353a
/usr/local/Cellar/cmake/3.3.0/bin/cmake -E cmake_link_script CMakeFiles/cmTC_0353a.dir/link.txt --verbose=1
/Applications/Xcode-beta.app/Contents/Developer/Toolchains/XcodeDefault.xctoolchain/usr/bin/cc   -DC_SUPPORTS_FPIC -Wl,-search_paths_first -Wl,-headerpad_max_install_names   CMakeFiles/cmTC_0353a.dir/src.c.o  -o cmTC_0353a  

Source file was:
int main(void) { return 0; }
Performing C++ SOURCE FILE Test CXX_SUPPORTS_FPIC succeded with the following output:
Change Dir: /Users/Mr.Pandya/My_Stuff/Active/llvm/experiments/ObfucatingZero/CMakeFiles/CMakeTmp

Run Build Command:"/usr/bin/make" "cmTC_4c0be/fast"
/Applications/Xcode-beta.app/Contents/Developer/usr/bin/make -f CMakeFiles/cmTC_4c0be.dir/build.make CMakeFiles/cmTC_4c0be.dir/build
Building CXX object CMakeFiles/cmTC_4c0be.dir/src.cxx.o
/Applications/Xcode-beta.app/Contents/Developer/Toolchains/XcodeDefault.xctoolchain/usr/bin/c++    -DCXX_SUPPORTS_FPIC   -Werror -fPIC -o CMakeFiles/cmTC_4c0be.dir/src.cxx.o -c /Users/Mr.Pandya/My_Stuff/Active/llvm/experiments/ObfucatingZero/CMakeFiles/CMakeTmp/src.cxx
Linking CXX executable cmTC_4c0be
/usr/local/Cellar/cmake/3.3.0/bin/cmake -E cmake_link_script CMakeFiles/cmTC_4c0be.dir/link.txt --verbose=1
/Applications/Xcode-beta.app/Contents/Developer/Toolchains/XcodeDefault.xctoolchain/usr/bin/c++    -DCXX_SUPPORTS_FPIC -Wl,-search_paths_first -Wl,-headerpad_max_install_names   CMakeFiles/cmTC_4c0be.dir/src.cxx.o  -o cmTC_4c0be  

Source file was:
int main() { return 0; }
Performing C++ SOURCE FILE Test SUPPORTS_FVISIBILITY_INLINES_HIDDEN_FLAG succeded with the following output:
Change Dir: /Users/Mr.Pandya/My_Stuff/Active/llvm/experiments/ObfucatingZero/CMakeFiles/CMakeTmp

Run Build Command:"/usr/bin/make" "cmTC_68270/fast"
/Applications/Xcode-beta.app/Contents/Developer/usr/bin/make -f CMakeFiles/cmTC_68270.dir/build.make CMakeFiles/cmTC_68270.dir/build
Building CXX object CMakeFiles/cmTC_68270.dir/src.cxx.o
/Applications/Xcode-beta.app/Contents/Developer/Toolchains/XcodeDefault.xctoolchain/usr/bin/c++    -fPIC -DSUPPORTS_FVISIBILITY_INLINES_HIDDEN_FLAG   -fvisibility-inlines-hidden -o CMakeFiles/cmTC_68270.dir/src.cxx.o -c /Users/Mr.Pandya/My_Stuff/Active/llvm/experiments/ObfucatingZero/CMakeFiles/CMakeTmp/src.cxx
Linking CXX executable cmTC_68270
/usr/local/Cellar/cmake/3.3.0/bin/cmake -E cmake_link_script CMakeFiles/cmTC_68270.dir/link.txt --verbose=1
/Applications/Xcode-beta.app/Contents/Developer/Toolchains/XcodeDefault.xctoolchain/usr/bin/c++    -fPIC -DSUPPORTS_FVISIBILITY_INLINES_HIDDEN_FLAG -Wl,-search_paths_first -Wl,-headerpad_max_install_names   CMakeFiles/cmTC_68270.dir/src.cxx.o  -o cmTC_68270  

Source file was:
int main() { return 0; }
Performing C SOURCE FILE Test C_SUPPORTS_WERROR_DATE_TIME succeded with the following output:
Change Dir: /Users/Mr.Pandya/My_Stuff/Active/llvm/experiments/ObfucatingZero/CMakeFiles/CMakeTmp

Run Build Command:"/usr/bin/make" "cmTC_db7ac/fast"
/Applications/Xcode-beta.app/Contents/Developer/usr/bin/make -f CMakeFiles/cmTC_db7ac.dir/build.make CMakeFiles/cmTC_db7ac.dir/build
Building C object CMakeFiles/cmTC_db7ac.dir/src.c.o
/Applications/Xcode-beta.app/Contents/Developer/Toolchains/XcodeDefault.xctoolchain/usr/bin/cc   -fPIC -DC_SUPPORTS_WERROR_DATE_TIME   -Werror -Werror=date-time -o CMakeFiles/cmTC_db7ac.dir/src.c.o   -c /Users/Mr.Pandya/My_Stuff/Active/llvm/experiments/ObfucatingZero/CMakeFiles/CMakeTmp/src.c
Linking C executable cmTC_db7ac
/usr/local/Cellar/cmake/3.3.0/bin/cmake -E cmake_link_script CMakeFiles/cmTC_db7ac.dir/link.txt --verbose=1
/Applications/Xcode-beta.app/Contents/Developer/Toolchains/XcodeDefault.xctoolchain/usr/bin/cc   -fPIC -DC_SUPPORTS_WERROR_DATE_TIME -Wl,-search_paths_first -Wl,-headerpad_max_install_names   CMakeFiles/cmTC_db7ac.dir/src.c.o  -o cmTC_db7ac  

Source file was:
int main(void) { return 0; }
Performing C++ SOURCE FILE Test CXX_SUPPORTS_WERROR_DATE_TIME succeded with the following output:
Change Dir: /Users/Mr.Pandya/My_Stuff/Active/llvm/experiments/ObfucatingZero/CMakeFiles/CMakeTmp

Run Build Command:"/usr/bin/make" "cmTC_77114/fast"
/Applications/Xcode-beta.app/Contents/Developer/usr/bin/make -f CMakeFiles/cmTC_77114.dir/build.make CMakeFiles/cmTC_77114.dir/build
Building CXX object CMakeFiles/cmTC_77114.dir/src.cxx.o
/Applications/Xcode-beta.app/Contents/Developer/Toolchains/XcodeDefault.xctoolchain/usr/bin/c++    -fPIC -fvisibility-inlines-hidden -DCXX_SUPPORTS_WERROR_DATE_TIME   -Werror -Werror=date-time -o CMakeFiles/cmTC_77114.dir/src.cxx.o -c /Users/Mr.Pandya/My_Stuff/Active/llvm/experiments/ObfucatingZero/CMakeFiles/CMakeTmp/src.cxx
Linking CXX executable cmTC_77114
/usr/local/Cellar/cmake/3.3.0/bin/cmake -E cmake_link_script CMakeFiles/cmTC_77114.dir/link.txt --verbose=1
/Applications/Xcode-beta.app/Contents/Developer/Toolchains/XcodeDefault.xctoolchain/usr/bin/c++    -fPIC -fvisibility-inlines-hidden -DCXX_SUPPORTS_WERROR_DATE_TIME -Wl,-search_paths_first -Wl,-headerpad_max_install_names   CMakeFiles/cmTC_77114.dir/src.cxx.o  -o cmTC_77114  

Source file was:
int main() { return 0; }
Performing C++ SOURCE FILE Test CXX_SUPPORTS_CXX11 succeded with the following output:
Change Dir: /Users/Mr.Pandya/My_Stuff/Active/llvm/experiments/ObfucatingZero/CMakeFiles/CMakeTmp

Run Build Command:"/usr/bin/make" "cmTC_87a60/fast"
/Applications/Xcode-beta.app/Contents/Developer/usr/bin/make -f CMakeFiles/cmTC_87a60.dir/build.make CMakeFiles/cmTC_87a60.dir/build
Building CXX object CMakeFiles/cmTC_87a60.dir/src.cxx.o
/Applications/Xcode-beta.app/Contents/Developer/Toolchains/XcodeDefault.xctoolchain/usr/bin/c++    -fPIC -fvisibility-inlines-hidden -Werror=date-time -DCXX_SUPPORTS_CXX11   -std=c++11 -o CMakeFiles/cmTC_87a60.dir/src.cxx.o -c /Users/Mr.Pandya/My_Stuff/Active/llvm/experiments/ObfucatingZero/CMakeFiles/CMakeTmp/src.cxx
Linking CXX executable cmTC_87a60
/usr/local/Cellar/cmake/3.3.0/bin/cmake -E cmake_link_script CMakeFiles/cmTC_87a60.dir/link.txt --verbose=1
/Applications/Xcode-beta.app/Contents/Developer/Toolchains/XcodeDefault.xctoolchain/usr/bin/c++    -fPIC -fvisibility-inlines-hidden -Werror=date-time -DCXX_SUPPORTS_CXX11 -Wl,-search_paths_first -Wl,-headerpad_max_install_names   CMakeFiles/cmTC_87a60.dir/src.cxx.o  -o cmTC_87a60  

Source file was:
int main() { return 0; }
